<?xml version="1.0" encoding="UTF-8" ?>
<testsuite failures="0" time="0.515" errors="0" skipped="0" tests="2" name="com.wls.entity.SafeTest">
  <properties>
    <property name="java.runtime.name" value="Java(TM) SE Runtime Environment"/>
    <property name="sun.boot.library.path" value="F:\Myeclipse\myeclipse\binary\com.sun.java.jdk7.win32.x86_64_1.7.0.u45\jre\bin"/>
    <property name="java.vm.version" value="24.45-b08"/>
    <property name="java.vm.vendor" value="Oracle Corporation"/>
    <property name="maven.multiModuleProjectDirectory" value="$M2_HOME"/>
    <property name="java.vendor.url" value="http://java.oracle.com/"/>
    <property name="path.separator" value=";"/>
    <property name="guice.disable.misplaced.annotation.check" value="true"/>
    <property name="java.vm.name" value="Java HotSpot(TM) 64-Bit Server VM"/>
    <property name="file.encoding.pkg" value="sun.io"/>
    <property name="user.script" value=""/>
    <property name="user.country" value="CN"/>
    <property name="sun.java.launcher" value="SUN_STANDARD"/>
    <property name="sun.os.patch.level" value=""/>
    <property name="java.vm.specification.name" value="Java Virtual Machine Specification"/>
    <property name="user.dir" value="F:\MyeclipseWorkspace\talent_person_pr"/>
    <property name="java.runtime.version" value="1.7.0_45-b18"/>
    <property name="java.awt.graphicsenv" value="sun.awt.Win32GraphicsEnvironment"/>
    <property name="java.endorsed.dirs" value="F:\Myeclipse\myeclipse\binary\com.sun.java.jdk7.win32.x86_64_1.7.0.u45\jre\lib\endorsed"/>
    <property name="os.arch" value="amd64"/>
    <property name="java.io.tmpdir" value="C:\Users\Iris\AppData\Local\Temp\"/>
    <property name="line.separator" value="
"/>
    <property name="java.vm.specification.vendor" value="Oracle Corporation"/>
    <property name="user.variant" value=""/>
    <property name="os.name" value="Windows 8"/>
    <property name="classworlds.conf" value="F:\MyeclipseWorkspace\.metadata\.plugins\org.eclipse.m2e.launching\launches\m2conf7932773984272589835.tmp"/>
    <property name="sun.jnu.encoding" value="GBK"/>
    <property name="java.library.path" value="F:\Myeclipse\myeclipse\binary\com.sun.java.jdk7.win32.x86_64_1.7.0.u45\bin;C:\WINDOWS\Sun\Java\bin;C:\WINDOWS\system32;C:\WINDOWS;.;F:\maven\apache-maven-3.3.9\bin;F:\jdk\bin;C:\ProgramData\Oracle\Java\javapath;C:\Windows\system32;C:\Windows;C:\Windows\System32\Wbem;C:\Windows\System32\WindowsPowerShell\v1.0\;C:\Program Files (x86)\NVIDIA Corporation\PhysX\Common;C:\WINDOWS\system32;C:\WINDOWS;C:\WINDOWS\System32\Wbem;C:\WINDOWS\System32\WindowsPowerShell\v1.0\;F:\Mysql\mysql-5.6.24-winx64\bin;C:\Users\Iris\AppData\Local\Microsoft\WindowsApps;F:\Mysql\mysql-5.6.24-winx64\bin;F:\jdk\bin;."/>
    <property name="java.specification.name" value="Java Platform API Specification"/>
    <property name="java.class.version" value="51.0"/>
    <property name="sun.management.compiler" value="HotSpot 64-Bit Tiered Compilers"/>
    <property name="os.version" value="6.2"/>
    <property name="user.home" value="C:\Users\Iris"/>
    <property name="user.timezone" value="Asia/Shanghai"/>
    <property name="java.awt.printerjob" value="sun.awt.windows.WPrinterJob"/>
    <property name="java.specification.version" value="1.7"/>
    <property name="file.encoding" value="UTF-8"/>
    <property name="user.name" value="Iris"/>
    <property name="java.class.path" value="F:\maven\apache-maven-3.3.9\boot\plexus-classworlds-2.5.2.jar"/>
    <property name="java.vm.specification.version" value="1.7"/>
    <property name="sun.arch.data.model" value="64"/>
    <property name="java.home" value="F:\Myeclipse\myeclipse\binary\com.sun.java.jdk7.win32.x86_64_1.7.0.u45\jre"/>
    <property name="sun.java.command" value="org.codehaus.classworlds.Launcher -B install"/>
    <property name="java.specification.vendor" value="Oracle Corporation"/>
    <property name="user.language" value="zh"/>
    <property name="awt.toolkit" value="sun.awt.windows.WToolkit"/>
    <property name="java.vm.info" value="mixed mode"/>
    <property name="java.version" value="1.7.0_45"/>
    <property name="java.ext.dirs" value="F:\Myeclipse\myeclipse\binary\com.sun.java.jdk7.win32.x86_64_1.7.0.u45\jre\lib\ext;C:\WINDOWS\Sun\Java\lib\ext"/>
    <property name="sun.boot.class.path" value="F:\Myeclipse\myeclipse\binary\com.sun.java.jdk7.win32.x86_64_1.7.0.u45\jre\lib\resources.jar;F:\Myeclipse\myeclipse\binary\com.sun.java.jdk7.win32.x86_64_1.7.0.u45\jre\lib\rt.jar;F:\Myeclipse\myeclipse\binary\com.sun.java.jdk7.win32.x86_64_1.7.0.u45\jre\lib\sunrsasign.jar;F:\Myeclipse\myeclipse\binary\com.sun.java.jdk7.win32.x86_64_1.7.0.u45\jre\lib\jsse.jar;F:\Myeclipse\myeclipse\binary\com.sun.java.jdk7.win32.x86_64_1.7.0.u45\jre\lib\jce.jar;F:\Myeclipse\myeclipse\binary\com.sun.java.jdk7.win32.x86_64_1.7.0.u45\jre\lib\charsets.jar;F:\Myeclipse\myeclipse\binary\com.sun.java.jdk7.win32.x86_64_1.7.0.u45\jre\lib\jfr.jar;F:\Myeclipse\myeclipse\binary\com.sun.java.jdk7.win32.x86_64_1.7.0.u45\jre\classes"/>
    <property name="java.vendor" value="Oracle Corporation"/>
    <property name="maven.home" value="F:\maven\apache-maven-3.3.9"/>
    <property name="file.separator" value="\"/>
    <property name="java.vendor.url.bug" value="http://bugreport.sun.com/bugreport/"/>
    <property name="maven.bootclasspath" value="F:\maven\apache-maven-3.3.9\boot\plexus-classworlds-2.5.2.jar"/>
    <property name="sun.cpu.endian" value="little"/>
    <property name="sun.io.unicode.encoding" value="UnicodeLittle"/>
    <property name="sun.desktop" value="windows"/>
    <property name="sun.cpu.isalist" value="amd64"/>
  </properties>
  <testcase time="0.484" classname="com.wls.entity.SafeTest" name="test"/>
  <testcase time="0.031" classname="com.wls.entity.SafeTest" name="test2"/>
</testsuite>